20240521	11:29:39	e3c6cdb3-e2b5-4482-8fa6-c54f361424be	GET	/	undefined
20240521	11:29:39	bf2287c7-6f1b-43f3-a507-f0c461de31e2	GET	/css/style.css	undefined
20240521	11:48:06	8a8e8355-ae65-4960-9fd6-0876abd290f3	OPTIONS	/	https://www.google.com
20240521	11:48:06	e749d7fb-871c-4e34-801e-0192aa22791b	GET	/	https://www.google.com
20240521	11:48:23	4e5ef5a5-44cc-447c-b47e-02143191a1ac	OPTIONS	/	https://www.google.com
20240521	11:48:23	3f5a35d7-d92f-44da-b740-860caaf37cf2	GET	/	https://www.google.com
20240524	22:16:32	66c39851-6773-418c-82f4-60b76333519f	GET	/users	undefined
20240524	22:21:15	b50fc6f6-33f4-4fd5-a285-411942368c31	POST	/users	undefined
20240524	22:21:52	9a6ceac9-865f-4d0d-beaf-d69912d4309a	POST	/users	undefined
20240524	22:22:06	d9c10d2f-d270-4184-85d1-ea906e3ba4b3	GET	/users	undefined
20240524	22:29:00	81d59612-ce91-4b00-a0e5-5b5c211df8d1	GET	/users	undefined
20240524	23:23:44	824d2a75-01bd-4d48-bbee-4d1becdc4915	GET	/users	undefined
20240524	23:23:59	c0b6bb11-6058-4e03-85b1-dfb5b7498812	GET	/users	undefined
20240524	23:36:19	42a20fd5-65a2-4834-88af-af6c7e164c02	POST	/users	undefined
20240525	00:25:02	8b8d670d-d9a6-4fc0-b360-736cbf8a1ed3	POST	/auth	undefined
20240525	00:26:52	2bda839a-596c-4a35-8c6f-7f33f4396375	POST	/auth	undefined
20240525	00:36:40	034f542d-0a50-4ea4-9299-aaaa6bd5ea5c	POST	/auth	undefined
20240525	00:36:51	b754ae0d-f5b4-454b-9b60-980326e5b9cb	POST	/auth	undefined
20240525	00:37:25	7f3f2209-bae9-422c-a51a-81321fa31640	POST	/auth	undefined
20240525	00:41:25	b8e82115-a1cd-4390-8a83-4d5f70c0341d	POST	/auth	undefined
20240525	00:41:30	76602ffd-830f-46a4-bec0-26b75951d99d	POST	/auth	undefined
20240525	00:41:36	e9274adb-7288-466a-b807-1a6445f86563	POST	/auth	undefined
20240525	00:41:41	2d32c4fa-f1ce-4eb1-b5b8-8eb975ed234e	POST	/auth	undefined
20240525	00:41:46	d0757478-6861-47b8-be66-5b1e2dd935b5	POST	/auth	undefined
20240527	16:30:18	4f07beb5-bb18-48e5-9017-378836a8dc43	GET	/users	undefined
20240527	16:30:27	834788de-392b-4147-99ff-818e925da6c2	POST	/auth	undefined
20240527	16:31:38	fb0c84f2-ba02-43c0-b697-5d5e2e9e0427	POST	/auth	undefined
20240527	16:31:43	f7edb237-a99a-4d82-b6f3-d1255e0e7073	GET	/users	undefined
20240527	16:31:53	b2f64014-8707-483a-ac4f-3b6cca06b707	GET	/users	undefined
20240527	16:32:02	d0ab38f6-510b-4481-bc29-e9fa04ff751a	GET	/users	undefined
20240527	16:32:09	bc45134e-58b1-4cab-9844-2f6e81ecd5b4	GET	/users	undefined
20240527	16:32:30	fe9c09a6-c851-423c-b8a7-37717894df05	GET	/users	undefined
20240527	16:34:37	caecc5f4-33a5-43c6-a009-471c04b45859	GET	/auth/refresh	undefined
20240527	16:34:50	3e2db9dd-c7c6-4632-b992-3547af716b1b	GET	/auth/refresh	undefined
20240527	16:35:49	5bc35f9c-8f33-4e9e-801d-98ec0f5b6277	GET	/auth/logout	undefined
20240527	16:36:27	3a72a1a8-4702-424f-8cfe-db1366fecfe4	POST	/auth/logout	undefined
20240527	16:36:46	93fcd09c-de58-4a35-b47f-1b2b9c555438	POST	/auth	undefined
20240527	16:36:51	53f05e01-c43c-4315-b892-bf3a90a31268	POST	/auth	undefined
20240527	16:37:17	6418f791-e958-41f9-ba90-5e1c4e7e247d	GET	/users	undefined
20240527	16:37:29	02dcabb8-2dcb-4ec4-98ab-80bbf020b9b7	POST	/auth	undefined
20240527	16:37:39	c5d54a21-7cd1-40a9-9f61-e5b4b6acb93b	GET	/users	undefined
20240527	16:37:43	b15941af-d401-4475-b83b-a8243725f7e3	GET	/users	undefined
20240527	16:37:45	586743be-f2c8-4ac0-bffb-5662cf4bd520	GET	/users	undefined
20240527	16:37:47	2e6647a3-2bc2-49d0-8d43-b8114ead27f3	GET	/users	undefined
20240527	16:37:50	eed5afd8-4ea7-4959-aced-e6cd0ed666c7	GET	/auth/refresh	undefined
20240527	16:37:58	b949eef0-feb8-43c6-986c-e5918ef08cc9	GET	/users	undefined
20240527	16:38:01	e9554213-135d-49c5-9bc6-8128b1416ac4	GET	/users	undefined
20240527	16:38:04	87467406-8e29-428d-a749-212135797c20	GET	/users	undefined
20240527	16:38:08	3c539277-ee66-481c-bf64-a72152dd1889	GET	/users	undefined
20240527	16:38:28	11a2f415-422b-44b8-811d-e6b90f325790	GET	/auth/refresh	undefined
20240527	16:38:34	786ad383-b6e1-4208-aee6-9f7f201cc89e	GET	/users	undefined
20240527	16:38:37	380dcbad-cd0f-40d2-8e55-74242977aa91	GET	/users	undefined
20240527	16:38:40	f7c71b1f-3e72-4974-81b7-f2cae6d914cf	GET	/users	undefined
20240527	16:38:43	4c1627f4-8ae3-48d9-8145-666664f70d45	GET	/users	undefined
20240527	16:38:48	c5db094e-e07b-41fe-bf29-c40ad0b23f8e	GET	/auth/refresh	undefined
20240527	16:38:56	3ba20ce2-4c34-4b8c-b727-56b4659187dd	GET	/users	undefined
20240527	16:39:01	14837999-fba4-48fe-a5b4-80df42ea4ea9	GET	/users	undefined
20240527	16:39:03	656aafde-8de7-4b44-bab5-59ecb80ea79c	GET	/users	undefined
20240527	16:40:03	39073cd9-8a40-4b18-8333-8555aa987c5f	POST	/auth	undefined
20240527	16:40:13	2d24a3b4-6ae3-4ab2-9845-9f1eddb63c9f	GET	/users	undefined
20240527	16:40:16	f9ec0fe7-2910-4ff1-8d98-4dc3954667cf	GET	/users	undefined
20240527	16:40:20	af08105f-fd65-4313-98ed-0873ecf24dae	GET	/users	undefined
20240527	16:40:23	b82092a0-b954-4b47-9365-311f58e167e1	GET	/users	undefined
20240823	22:27:10	dac82ef8-18d4-43d4-8853-e1d36f41158f	POST	/api/auth/signup	undefined
20240823	22:31:50	1c119728-ced2-47d8-a9cf-095634428c52	POST	/api/auth/signup	undefined
20240823	22:40:01	7fd311dd-2e2a-4951-abf9-73116a694400	POST	/api/auth/signup	undefined
20240823	22:40:07	003ed42b-62b2-4535-acb0-a70a0d030683	POST	/api/auth/register	undefined
20240823	22:41:35	caf4fa13-1125-47df-8326-254b9ffdd363	POST	/api/auth/register	undefined
20240823	22:42:26	bb347643-2229-46d9-960a-685997b47fc4	POST	/api/auth/register	undefined
20240824	00:27:32	40cb3d7c-0936-422c-b9a5-25f7a3ae20da	GET	/api/tasks	undefined
20240824	00:27:33	6227a1a7-5c0a-427b-8169-d73e7945dea9	GET	/api/tasks	http://localhost:4200
20240824	00:28:22	a3e02f06-9c8f-4baa-bcc6-f3b39556b895	GET	/api/tasks	undefined
20240824	00:28:22	8d317215-3cf0-443a-a7f3-2e6fee0803c6	GET	/api/tasks	http://localhost:4200
20240824	00:29:26	47d8e3ee-575b-4dae-9ad1-e78452d8e130	GET	/api/tasks	undefined
20240824	00:29:27	0a938561-e202-4e3d-bf16-835da6b40d18	GET	/api/tasks	http://localhost:4200
20240824	00:29:36	da581660-1761-4118-b55c-7f24247d2558	GET	/api/tasks	undefined
20240824	00:29:36	ec13438d-0ae3-4d2c-b783-25bb358cb7d1	GET	/api/tasks	http://localhost:4200
20240824	00:29:44	5f604de7-b0a6-43dc-a0e7-20671605d3c0	GET	/api/tasks	undefined
20240824	00:29:44	5b647c27-bcf6-41b3-afff-d080f527b9dc	GET	/api/tasks	http://localhost:4200
20240824	00:30:07	a095b916-f02c-4d52-88ae-b0dac908d7be	GET	/api/tasks	undefined
20240824	00:30:07	58feb04f-2360-4db3-b2e6-899b1a72617a	GET	/api/tasks	http://localhost:4200
20240828	14:41:40	b1ac5bed-5a9a-4d5c-920a-34f8f70df4c3	POST	/api/auth/register	undefined
20240828	14:42:06	9f251b9b-3ea4-4c28-9c43-f0078fa291cc	POST	/api/auth/login	undefined
20240828	14:42:26	79c44c98-4ca7-403d-a817-8bf8a83a825a	POST	/api/auth/login	undefined
20240828	15:51:39	0a8ebfa1-34c8-4763-9975-658e27055a5a	GET	/api/tasks	undefined
20240828	15:51:39	95274be9-6cfa-400b-bf2e-8c588bfe563b	GET	/api/tasks	http://localhost:4200
20240828	16:12:53	62ce519d-3358-4c22-858f-e02f5505e0f5	OPTIONS	/api/auth/register	http://localhost:4200
20240828	16:14:04	d9053746-7274-4b89-a7b1-6832c65ed6d6	OPTIONS	/api/auth/register	http://localhost:4200
20240828	16:15:36	1d9f8d11-5ade-4837-967c-c0397a64e427	OPTIONS	/api/auth/register	http://localhost:4200
20240828	16:17:03	4a963dc3-d8a9-4ac7-ac86-c073451c3d5c	OPTIONS	/api/auth/register	http://localhost:4200
20240828	16:18:25	94407447-008d-4e75-b91a-7b8733f286b8	OPTIONS	/api/auth/register	http://localhost:4200
20240828	16:19:20	49b1089d-e73c-41e8-a911-fb79242014b1	OPTIONS	/api/auth/register	http://localhost:4200
20240828	16:19:20	3078d2bb-60f9-42e4-99bc-26c54d994e03	POST	/api/auth/register	http://localhost:4200
20240828	16:20:29	7118bcbf-cfef-4a1f-b3b2-bbabbb968bc8	POST	/api/auth/signup	undefined
20240828	16:21:27	ef3065c4-bd7c-4323-8dea-6bced4953ff8	OPTIONS	/api/auth/register	http://localhost:4200
20240828	16:22:19	fe8a8688-1fad-4a36-9767-139e546294a1	OPTIONS	/api/auth/register	http://localhost:4200
20240828	16:22:19	dd7e819a-f3b2-4aea-8a64-68977f2280bf	POST	/api/auth/register	http://localhost:4200
20240828	16:22:39	8dce81f3-2908-4268-9aaf-27c49410dc41	POST	/api/auth/signup	undefined
20240828	16:23:03	5028ed8e-c02f-413f-9779-55cf3f026bcd	POST	/api/auth/signup	undefined
20240828	16:23:19	dbbfe5d3-831e-4586-a87f-8d4e8f8ac472	POST	/api/auth/signup	undefined
20240828	16:24:14	410e88cf-85d6-4a6e-b376-6074a57afa0c	POST	/api/auth/register	undefined
20240828	16:24:26	37f9a17e-8819-4161-b80c-5e79276e5039	POST	/api/auth/register	undefined
20240828	16:31:26	ffc77215-450b-4ab7-9184-aa1196ef03f1	OPTIONS	/api/auth/register	http://localhost:4200
20240828	16:31:26	b5e071d2-6fda-47ed-b2a4-f2e5d66208c2	POST	/api/auth/register	http://localhost:4200
20240828	16:49:47	b48cf77a-4e7e-471c-a61c-464c70856370	OPTIONS	/api/auth/register	http://localhost:4200
20240828	16:49:47	006593ff-476a-4cd8-9cbc-3f1209ce5e55	POST	/api/auth/register	http://localhost:4200
20240828	16:53:17	3d121a95-3dcb-4a95-a953-981b94ead525	GET	/api/tasks	undefined
20240828	16:53:18	71c0534b-6af6-4772-b912-f162bbdf0f2c	GET	/api/tasks	http://localhost:4200
20240828	16:53:20	ad619123-87dd-4017-a575-30aaf16b294a	GET	/api/tasks	undefined
20240828	16:53:20	4e553c30-365d-4c5a-8009-172cc031936a	GET	/api/tasks	http://localhost:4200
20240828	17:06:38	da1941b4-68cb-4109-b044-40c0ab2ee5ad	GET	/api/tasks	undefined
20240828	17:06:39	60c9c109-a8f7-4e10-95e3-85c2b0080570	GET	/api/tasks	http://localhost:4200
20240828	17:07:16	61a32943-fa9f-4465-a4a2-280ef018453c	OPTIONS	/api/auth/register	http://localhost:4200
20240828	17:07:16	993c3953-6311-4281-9997-c39a784bc338	POST	/api/auth/register	http://localhost:4200
20240828	17:08:06	6e431d30-689e-43ce-911e-cfd81bf68de5	OPTIONS	/api/auth/register	http://localhost:4200
20240828	17:08:06	29714422-58f0-4d40-b81d-2bc40b5c50ad	POST	/api/auth/register	http://localhost:4200
20240828	17:08:55	7a258a0c-c592-4aba-bf83-0bea8fa2f950	POST	/api/auth/register	undefined
20240828	17:09:15	cc7c6f07-40b0-427a-8ae9-4a39488a50e7	POST	/api/auth/register	undefined
20240828	17:09:31	363e0260-7167-4244-954a-078b15456556	POST	/api/auth/register	undefined
20240828	17:14:14	8ada0ab6-014a-4cfc-a667-fc39e773b0f7	POST	/api/auth/register	undefined
20240828	17:17:00	d56e14ea-aafd-4fcf-977a-6f2df8837e71	POST	/api/auth/register	undefined
20240828	17:17:18	00784281-e692-45d9-ae1f-699cd34dcaf7	POST	/api/auth/register	undefined
20240828	17:18:29	31db666d-1c34-4be8-8380-c8b944e0d86d	POST	/api/auth/register	undefined
20240828	17:19:44	c59980c9-03ff-4975-bcfa-49eb81d4249b	POST	/api/auth/register	undefined
20240828	17:19:58	df7b01db-6d81-46f2-8a4b-dd5fca9f907f	POST	/api/auth/register	undefined
20240828	17:20:41	a13d6376-d877-4a39-9d89-95d4be7d2acb	OPTIONS	/api/auth/register	http://localhost:4200
20240828	17:20:41	5e2b6d99-3a43-49ad-9631-5fa3b6d5cfd4	POST	/api/auth/register	http://localhost:4200
20240828	17:20:41	1047f2d0-4b86-4351-bca4-1bbf176ebe23	GET	/api/tasks	http://localhost:4200
20240828	17:20:58	67b1ccb5-02e7-43c5-9cfe-a2073dbe8500	GET	/api/tasks	undefined
20240828	17:20:58	2151a269-e9ed-4797-a30d-a0254308f17e	GET	/api/tasks	http://localhost:4200
20240828	17:21:49	74822e88-ac78-4470-8d84-f2ed3915eb27	GET	/api/tasks	undefined
20240828	17:21:49	2b377234-0416-4937-8de8-b84f9537fd2c	GET	/api/tasks	http://localhost:4200
20240828	17:22:10	82dd73b9-5fbe-4e5b-a01d-432a4859d363	OPTIONS	/api/auth/register	http://localhost:4200
20240828	17:22:10	736cc0e7-e652-4a47-9dc9-be26cb3d42ca	POST	/api/auth/register	http://localhost:4200
20240828	17:29:21	5289b137-cb32-4ff5-8948-9085ac797afc	OPTIONS	/api/auth/register	http://localhost:4200
20240828	17:29:21	1391c18d-ba9a-4ebd-815a-cc9bfd1dc449	POST	/api/auth/register	http://localhost:4200
20240828	17:46:07	40d25ad2-c806-414b-ac6c-68a407b88aee	OPTIONS	/api/auth/register	http://localhost:4200
20240828	17:46:07	2ceec618-c898-4358-9296-e5b3f6406089	POST	/api/auth/register	http://localhost:4200
20240828	17:46:07	0d3b2abb-a5ba-4415-8b86-7ea48c8890a6	GET	/api/tasks	http://localhost:4200
20240828	17:51:07	420f11d3-ee58-4d07-a6d6-e6a7101ff61d	GET	/api/tasks	undefined
20240828	17:51:08	dd42534f-d847-46f5-95f1-9fdeac9b6684	GET	/api/tasks	http://localhost:4200
20240828	17:52:09	414b0998-a9f2-4833-b12b-5904062c4c75	GET	/api/tasks	undefined
20240828	17:52:10	45f2f0d9-b17d-4050-a2ab-ac3a2f9c80af	GET	/api/tasks	http://localhost:4200
20240828	17:52:28	1bb94848-4f54-47cd-8852-427d8627f8a9	GET	/api/tasks	undefined
20240828	17:52:28	c742faf7-8072-4cbe-b4aa-9dcfe6872552	GET	/api/tasks	http://localhost:4200
20240828	17:52:48	76fa06e8-68ee-478a-9956-5ac3d0a1cfc3	OPTIONS	/api/auth/register	http://localhost:4200
20240828	17:52:48	d4474af6-7f73-403f-84c1-f2484ca85803	POST	/api/auth/register	http://localhost:4200
20240828	17:52:48	da711966-8bc1-4b86-b15e-cc96f8270722	GET	/api/tasks	http://localhost:4200
20240828	18:15:41	17902604-2188-4d77-b4fa-74ae10441198	GET	/api/users/tasks	undefined
20240828	18:18:10	168d88c3-921e-4431-ac77-b155aedbc72f	GET	/api/users/tasks	undefined
20240828	18:19:01	bcf5654e-75bc-4e81-bc36-9c117241f503	GET	/api/users/tasks	undefined
20240828	18:20:11	99432c0e-30c0-4639-bbb0-1c5a2733b419	GET	/api/users/tasks	undefined
20240828	18:20:16	cb6efdb7-5b76-4df2-8b65-5ac5faec0083	GET	/api/users/tasks	undefined
20240828	18:21:29	e03eb406-85dd-4edc-b5c3-2673659ea9e4	GET	/api/users/tasks	undefined
20240828	18:21:29	9ca6d001-fa4d-4ef9-acc7-b3c155b3e5ed	GET	/api/users/tasks	http://localhost:4200
20240828	18:23:00	30b7cd73-dc04-4dde-83d2-66660886a149	GET	/api/users/tasks	undefined
20240828	18:23:01	da36647e-6530-4247-a203-840e53a34983	GET	/api/users/tasks	http://localhost:4200
20240828	18:24:52	85bb7f6b-bbb9-4faf-962a-0bd8bacde0ba	GET	/api/users/tasks	undefined
20240828	18:24:52	b030e69b-65fe-4343-8834-f849ce07a4ff	GET	/api/users/tasks	http://localhost:4200
20240828	18:25:25	8c096668-404b-42fd-a16b-0afc4de881b8	GET	/api/users/tasks	undefined
20240828	18:25:25	14936b7f-f34e-4a58-99ae-238d1130e2c6	GET	/api/users/tasks	http://localhost:4200
20240828	18:25:34	ec678ba7-0140-4935-8c5a-0df672a29fb9	GET	/api/users/tasks	undefined
20240828	18:25:35	2a042d4c-e184-44d7-b217-63d6b5a2adce	GET	/api/users/tasks	http://localhost:4200
20240828	19:01:32	a3e2f5d1-fd10-438b-abf6-9586d9181471	OPTIONS	/api/auth/register	http://localhost:4200
20240828	19:01:32	2194a2c4-daa6-4b63-8447-654af9776411	POST	/api/auth/register	http://localhost:4200
20240829	00:02:10	f0208663-9658-4eea-9eee-ae2fe91ac59c	GET	/api/users/tasks?userEmail=abhay2342@gmail.com	http://localhost:4200
20240829	00:02:17	dbcd39c2-8452-4450-8a21-d771d6dbe83c	GET	/api/users/tasks?userEmail=abhay2342@gmail.com	http://localhost:4200
20240829	00:02:21	bb3f18e5-35e9-43d2-89b5-3a2ca33aa43b	OPTIONS	/api/users/tasks/66cf641b0f4acf74808ecf85?userEmail=abhay2342@gmail.com	http://localhost:4200
20240829	00:03:05	93444f7b-8857-4932-b67d-2d6acd4dc10e	GET	/api/users/tasks?userEmail=abhay2342@gmail.com	http://localhost:4200
20240829	00:03:07	900b4cce-8901-4aa1-afe8-a577e825bc6b	OPTIONS	/api/users/tasks/66cf641b0f4acf74808ecf85?userEmail=abhay2342@gmail.com	http://localhost:4200
20240829	00:04:13	15346cbf-dd23-4ada-8c13-c0dccb382a43	GET	/api/users/tasks?userEmail=abhay2342@gmail.com	http://localhost:4200
20240829	00:04:13	4e9d4a6d-0d93-4be4-b1ce-c215f69d0a21	OPTIONS	/api/users/tasks/66cf641b0f4acf74808ecf85?userEmail=abhay2342@gmail.com	http://localhost:4200
20240829	00:04:13	20bf39c8-f66a-4a52-a4bf-74ee88c897f2	DELETE	/api/users/tasks/66cf641b0f4acf74808ecf85?userEmail=abhay2342@gmail.com	http://localhost:4200
20240829	00:04:15	94488efd-0e6d-4e43-bfa9-daf3993eccd5	OPTIONS	/api/users/tasks/66cf654b0f4acf74808ecf89?userEmail=abhay2342@gmail.com	http://localhost:4200
20240829	00:04:21	03331a1c-3515-4435-af52-5010130d544f	OPTIONS	/api/users/tasks/66cf654b0f4acf74808ecf89?userEmail=abhay2342@gmail.com	http://localhost:4200
20240829	00:04:21	0bf2c78e-4bc0-49f8-96f3-13e32d9fd7fe	DELETE	/api/users/tasks/66cf654b0f4acf74808ecf89?userEmail=abhay2342@gmail.com	http://localhost:4200
20240829	00:04:22	34d12973-e9c0-4457-b12d-506eccef568c	GET	/api/users/tasks?userEmail=abhay2342@gmail.com	http://localhost:4200
20240829	00:04:26	3defece5-c2b7-490d-87b4-12b407d2bcb4	OPTIONS	/api/users/tasks/66cf685a670fd90c03dffe38?userEmail=abhay2342@gmail.com	http://localhost:4200
20240829	00:06:27	6bb4d703-f97a-45b3-b2f7-651ff0de5602	OPTIONS	/api/users/tasks/66cf685a670fd90c03dffe38?userEmail=abhay2342@gmail.com	http://localhost:4200
20240829	00:06:29	7d78393b-0649-4907-a621-bc81082a1eba	GET	/api/users/tasks?userEmail=abhay2342@gmail.com	http://localhost:4200
20240829	00:06:30	6fa74719-a8cd-47d7-b6b4-5b2655bbad9c	OPTIONS	/api/users/tasks/66cf685a670fd90c03dffe38?userEmail=abhay2342@gmail.com	http://localhost:4200
20240829	00:07:31	22a572ed-2ee8-464f-9f29-6de882dc1a37	OPTIONS	/api/users/tasks/66cf685a670fd90c03dffe38?userEmail=abhay2342@gmail.com	http://localhost:4200
20240829	00:07:31	36e9395d-7927-40cd-8a77-e4ca95a0cd06	PATCH	/api/users/tasks/66cf685a670fd90c03dffe38?userEmail=abhay2342@gmail.com	http://localhost:4200
20240829	00:07:36	4cd369b7-6893-4fa0-b02c-c6d46416f20b	OPTIONS	/api/users/tasks/66cf685a670fd90c03dffe38?userEmail=abhay2342@gmail.com	http://localhost:4200
20240829	00:07:36	ddcabf49-82d8-4ef3-b873-44495d671c3c	PATCH	/api/users/tasks/66cf685a670fd90c03dffe38?userEmail=abhay2342@gmail.com	http://localhost:4200
20240829	00:07:39	f8b84f01-0194-437f-b10f-2025031d3db6	DELETE	/api/users/tasks/66cf685a670fd90c03dffe38?userEmail=abhay2342@gmail.com	http://localhost:4200
20240829	00:07:50	6ef78b78-cc67-4bee-978e-b2f4c48bfe21	OPTIONS	/api/users/tasks	http://localhost:4200
20240829	00:07:50	b2a70db5-4431-4cc3-b140-8a3bcb1af1c7	POST	/api/users/tasks	http://localhost:4200
20240829	00:07:52	a199a7b6-6822-4226-8d17-59aa1f05c09d	GET	/api/users/tasks?userEmail=abhay2342@gmail.com	http://localhost:4200
